<?xml version="1.0" encoding="UTF-8"?>
<!-- Generated by org.testng.reporters.JUnitReportReporter -->
<testsuite hostname="Anjana-Verma" failures="0" tests="2" name="com.java.pom.TestMe" time="17.137" errors="0" timestamp="3 Aug 2022 18:12:12 GMT">
  <testcase classname="com.java.pom.TestMe" name="findCasualDress" time="8.525"/>
  <testcase classname="com.java.pom.TestMe" name="signIn" time="8.612"/>
</testsuite> <!-- com.java.pom.TestMe -->
